-------------------------------------------------------------------------------
Test set: EmployeeManagement.EmployeeManagementIT
-------------------------------------------------------------------------------
Tests run: 2, Failures: 1, Errors: 0, Skipped: 0, Time elapsed: 0.02 sec <<< FAILURE!
EmployeeManagement.EmployeeManagementIT.testSearchbyID()  Time elapsed: 0.012 sec  <<< FAILURE!
org.opentest4j.AssertionFailedError: expected: <0> but was: <-1>
	at org.junit.jupiter.api.AssertionUtils.fail(AssertionUtils.java:55)
	at org.junit.jupiter.api.AssertionUtils.failNotEqual(AssertionUtils.java:62)
	at org.junit.jupiter.api.AssertEquals.assertEquals(AssertEquals.java:150)
	at org.junit.jupiter.api.AssertEquals.assertEquals(AssertEquals.java:145)
	at org.junit.jupiter.api.Assertions.assertEquals(Assertions.java:510)
	at EmployeeManagement.EmployeeManagementIT.testSearchbyID(EmployeeManagementIT.java:57)

