<?xml version="1.0" encoding="UTF-8" ?>
<testsuite tests="9" failures="3" name="TextNormalizer.ManagerIT" time="0.025" errors="0" skipped="0">
  <properties>
[...]
</properties>
  <testcase classname="TextNormalizer.ManagerIT" name="TextNormalizer.ManagerIT.testLastAddDot" time="0.01"/>
  <testcase classname="TextNormalizer.ManagerIT" name="TextNormalizer.ManagerIT.testIsLineEmpty" time="0"/>
  <testcase classname="TextNormalizer.ManagerIT" name="TextNormalizer.ManagerIT.testFormatOneSpaceSpecial" time="0.015">
    <failure message="expected: &lt;Hello, World&gt; but was: &lt;Hello , World&gt;" type="org.opentest4j.AssertionFailedError">org.opentest4j.AssertionFailedError: expected: &lt;Hello, World&gt; but was: &lt;Hello , World&gt;
	at org.junit.jupiter.api.AssertionUtils.fail(AssertionUtils.java:55)
	at org.junit.jupiter.api.AssertionUtils.failNotEqual(AssertionUtils.java:62)
	at org.junit.jupiter.api.AssertEquals.assertEquals(AssertEquals.java:182)
	at org.junit.jupiter.api.AssertEquals.assertEquals(AssertEquals.java:177)
	at org.junit.jupiter.api.Assertions.assertEquals(Assertions.java:1124)
	at TextNormalizer.ManagerIT.testFormatOneSpaceSpecial(ManagerIT.java:29)
</failure>
  </testcase>
  <testcase classname="TextNormalizer.ManagerIT" name="TextNormalizer.ManagerIT.testFormatOneSpace" time="0"/>
  <testcase classname="TextNormalizer.ManagerIT" name="TextNormalizer.ManagerIT.testFormatSpecialCharacters" time="0"/>
  <testcase classname="TextNormalizer.ManagerIT" name="TextNormalizer.ManagerIT.testFirstUpercase" time="0"/>
  <testcase classname="TextNormalizer.ManagerIT" name="TextNormalizer.ManagerIT.testNoSpaceQuotes" time="0">
    <failure message="expected: &lt;Hello&quot;World&quot;how are&quot;you&quot;?&gt; but was: &lt;Hello &quot;orl&quot; how are &quot;o&quot;?&gt;" type="org.opentest4j.AssertionFailedError">org.opentest4j.AssertionFailedError: expected: &lt;Hello&quot;World&quot;how are&quot;you&quot;?&gt; but was: &lt;Hello &quot;orl&quot; how are &quot;o&quot;?&gt;
	at org.junit.jupiter.api.AssertionUtils.fail(AssertionUtils.java:55)
	at org.junit.jupiter.api.AssertionUtils.failNotEqual(AssertionUtils.java:62)
	at org.junit.jupiter.api.AssertEquals.assertEquals(AssertEquals.java:182)
	at org.junit.jupiter.api.AssertEquals.assertEquals(AssertEquals.java:177)
	at org.junit.jupiter.api.Assertions.assertEquals(Assertions.java:1124)
	at TextNormalizer.ManagerIT.testNoSpaceQuotes(ManagerIT.java:69)
</failure>
  </testcase>
  <testcase classname="TextNormalizer.ManagerIT" name="TextNormalizer.ManagerIT.testLastAddDotWithExistingDot" time="0"/>
  <testcase classname="TextNormalizer.ManagerIT" name="TextNormalizer.ManagerIT.testAfterDotUpperCase" time="0">
    <failure message="expected: &lt;hello. World. How. Are. you?&gt; but was: &lt;hello. World. How. Are. You?&gt;" type="org.opentest4j.AssertionFailedError">org.opentest4j.AssertionFailedError: expected: &lt;hello. World. How. Are. you?&gt; but was: &lt;hello. World. How. Are. You?&gt;
	at org.junit.jupiter.api.AssertionUtils.fail(AssertionUtils.java:55)
	at org.junit.jupiter.api.AssertionUtils.failNotEqual(AssertionUtils.java:62)
	at org.junit.jupiter.api.AssertEquals.assertEquals(AssertEquals.java:182)
	at org.junit.jupiter.api.AssertEquals.assertEquals(AssertEquals.java:177)
	at org.junit.jupiter.api.Assertions.assertEquals(Assertions.java:1124)
	at TextNormalizer.ManagerIT.testAfterDotUpperCase(ManagerIT.java:59)
</failure>
  </testcase>
</testsuite>