<?xml version="1.0" encoding="UTF-8"?>
<testsuite xmlns:xsi="http://www.w3.org/2001/XMLSchema-instance" xsi:noNamespaceSchemaLocation="https://maven.apache.org/surefire/maven-surefire-plugin/xsd/surefire-test-report.xsd" name="A.StringRelatedIT" time="0.03" tests="12" errors="0" skipped="0" failures="0">
  <properties>
[...]
</properties>
  <testcase name="testIsValidPassword" classname="A.StringRelatedIT" time="0.017"/>
  <testcase name="testIsAnagram" classname="A.StringRelatedIT" time="0"/>
  <testcase name="testLengthOfLongestSubstring" classname="A.StringRelatedIT" time="0"/>
  <testcase name="testRomanToInt" classname="A.StringRelatedIT" time="0"/>
  <testcase name="testLongestCommonPrefix" classname="A.StringRelatedIT" time="0"/>
  <testcase name="testIsPalindrome" classname="A.StringRelatedIT" time="0"/>
  <testcase name="testLengthOfLongestSubstring2" classname="A.StringRelatedIT" time="0.004"/>
  <testcase name="testLengthOfLongestSubstring3" classname="A.StringRelatedIT" time="0"/>
  <testcase name="testBackspaceCompare" classname="A.StringRelatedIT" time="0"/>
  <testcase name="testIsValid" classname="A.StringRelatedIT" time="0"/>
  <testcase name="testIsAnagram2" classname="A.StringRelatedIT" time="0"/>
  <testcase name="testIsAnagram3" classname="A.StringRelatedIT" time="0"/>
</testsuite>