<?xml version="1.0" encoding="UTF-8"?>
<testsuite xmlns:xsi="http://www.w3.org/2001/XMLSchema-instance" xsi:noNamespaceSchemaLocation="https://maven.apache.org/surefire/maven-surefire-plugin/xsd/surefire-test-report.xsd" name="A.CalculateIT" time="0.042" tests="33" errors="0" skipped="0" failures="0">
  <properties>
[...]
</properties>
  <testcase name="testMoveZeroes" classname="A.CalculateIT" time="0.016"/>
  <testcase name="testInvalidOperator" classname="A.CalculateIT" time="0"/>
  <testcase name="testSingleNumber" classname="A.CalculateIT" time="0"/>
  <testcase name="testDivideByZero" classname="A.CalculateIT" time="0"/>
  <testcase name="testMajorityElement" classname="A.CalculateIT" time="0"/>
  <testcase name="testTwoSum2" classname="A.CalculateIT" time="0"/>
  <testcase name="testTwoSum3" classname="A.CalculateIT" time="0.002"/>
  <testcase name="testMaxSubArray1" classname="A.CalculateIT" time="0"/>
  <testcase name="testMaxSubArray2" classname="A.CalculateIT" time="0"/>
  <testcase name="testGenerateFibonacci" classname="A.CalculateIT" time="0"/>
  <testcase name="testCalculateAverage" classname="A.CalculateIT" time="0"/>
  <testcase name="testValidSubtraction" classname="A.CalculateIT" time="0"/>
  <testcase name="testOrangesRotting" classname="A.CalculateIT" time="0.003"/>
  <testcase name="testValidExponentiation" classname="A.CalculateIT" time="0.002"/>
  <testcase name="testValidAddition" classname="A.CalculateIT" time="0"/>
  <testcase name="testFindMinValue" classname="A.CalculateIT" time="0"/>
  <testcase name="testCanConstruct" classname="A.CalculateIT" time="0.002"/>
  <testcase name="testHammingWeight" classname="A.CalculateIT" time="0"/>
  <testcase name="testMaxProfit" classname="A.CalculateIT" time="0.001"/>
  <testcase name="testAddBinary" classname="A.CalculateIT" time="0"/>
  <testcase name="testMajorityElement2" classname="A.CalculateIT" time="0"/>
  <testcase name="testReverseBits" classname="A.CalculateIT" time="0"/>
  <testcase name="testValidDivision" classname="A.CalculateIT" time="0"/>
  <testcase name="testCoinChange1" classname="A.CalculateIT" time="0"/>
  <testcase name="testCoinChange2" classname="A.CalculateIT" time="0"/>
  <testcase name="testCoinChange3" classname="A.CalculateIT" time="0"/>
  <testcase name="testCoinChange4" classname="A.CalculateIT" time="0"/>
  <testcase name="testClimbStairs" classname="A.CalculateIT" time="0"/>
  <testcase name="testFindMaxValue" classname="A.CalculateIT" time="0"/>
  <testcase name="testTwoSum" classname="A.CalculateIT" time="0"/>
  <testcase name="testContainsDuplicate" classname="A.CalculateIT" time="0"/>
  <testcase name="testValidMultiplication" classname="A.CalculateIT" time="0"/>
  <testcase name="testCountBits" classname="A.CalculateIT" time="0"/>
</testsuite>