<?xml version="1.0" encoding="UTF-8"?>
<testsuite xmlns:xsi="http://www.w3.org/2001/XMLSchema-instance" xsi:noNamespaceSchemaLocation="https://maven.apache.org/surefire/maven-surefire-plugin/xsd/surefire-test-report.xsd" name="A.SortIT" time="0.06" tests="17" errors="0" skipped="0" failures="2">
  <properties>
[...]
</properties>
  <testcase name="testMergeSortDesc" classname="A.SortIT" time="0.025"/>
  <testcase name="testMergeDesc" classname="A.SortIT" time="0">
    <failure message="array contents differ at index [1], expected: &lt;1&gt; but was: &lt;4&gt;" type="org.opentest4j.AssertionFailedError"><![CDATA[org.opentest4j.AssertionFailedError: array contents differ at index [1], expected: <1> but was: <4>
	at A.SortIT.testMergeDesc(SortIT.java:118)
]]></failure>
  </testcase>
  <testcase name="testSelectionSortDesc" classname="A.SortIT" time="0.012"/>
  <testcase name="testMergeSortAsc" classname="A.SortIT" time="0"/>
  <testcase name="testCountingSort" classname="A.SortIT" time="0.002"/>
  <testcase name="testFindMax" classname="A.SortIT" time="0"/>
  <testcase name="testPartition" classname="A.SortIT" time="0.004">
    <failure message="expected: &lt;3&gt; but was: &lt;4&gt;" type="org.opentest4j.AssertionFailedError"><![CDATA[org.opentest4j.AssertionFailedError: expected: <3> but was: <4>
	at A.SortIT.testPartition(SortIT.java:137)
]]></failure>
  </testcase>
  <testcase name="testInsertionSortDesc" classname="A.SortIT" time="0"/>
  <testcase name="testHeapSort" classname="A.SortIT" time="0"/>
  <testcase name="testMergeAsc" classname="A.SortIT" time="0"/>
  <testcase name="testBubbleSortDesc" classname="A.SortIT" time="0"/>
  <testcase name="testHeapify" classname="A.SortIT" time="0"/>
  <testcase name="testBucketSort" classname="A.SortIT" time="0"/>
  <testcase name="testBubbleSortAsc" classname="A.SortIT" time="0"/>
  <testcase name="testInsertionSortAsc" classname="A.SortIT" time="0"/>
  <testcase name="testSelectionSortAsc" classname="A.SortIT" time="0"/>
  <testcase name="testQuickSort" classname="A.SortIT" time="0"/>
</testsuite>