-------------------------------------------------------------------------------
Test set: TextNormalizer.ManagerIT
-------------------------------------------------------------------------------
Tests run: 9, Failures: 3, Errors: 0, Skipped: 0, Time elapsed: 0.025 sec <<< FAILURE!
TextNormalizer.ManagerIT.testFormatOneSpaceSpecial()  Time elapsed: 0.015 sec  <<< FAILURE!
org.opentest4j.AssertionFailedError: expected: <Hello, World> but was: <Hello , World>
	at org.junit.jupiter.api.AssertionUtils.fail(AssertionUtils.java:55)
	at org.junit.jupiter.api.AssertionUtils.failNotEqual(AssertionUtils.java:62)
	at org.junit.jupiter.api.AssertEquals.assertEquals(AssertEquals.java:182)
	at org.junit.jupiter.api.AssertEquals.assertEquals(AssertEquals.java:177)
	at org.junit.jupiter.api.Assertions.assertEquals(Assertions.java:1124)
	at TextNormalizer.ManagerIT.testFormatOneSpaceSpecial(ManagerIT.java:29)

TextNormalizer.ManagerIT.testNoSpaceQuotes()  Time elapsed: 0 sec  <<< FAILURE!
org.opentest4j.AssertionFailedError: expected: <Hello"World"how are"you"?> but was: <Hello "orl" how are "o"?>
	at org.junit.jupiter.api.AssertionUtils.fail(AssertionUtils.java:55)
	at org.junit.jupiter.api.AssertionUtils.failNotEqual(AssertionUtils.java:62)
	at org.junit.jupiter.api.AssertEquals.assertEquals(AssertEquals.java:182)
	at org.junit.jupiter.api.AssertEquals.assertEquals(AssertEquals.java:177)
	at org.junit.jupiter.api.Assertions.assertEquals(Assertions.java:1124)
	at TextNormalizer.ManagerIT.testNoSpaceQuotes(ManagerIT.java:69)

TextNormalizer.ManagerIT.testAfterDotUpperCase()  Time elapsed: 0 sec  <<< FAILURE!
org.opentest4j.AssertionFailedError: expected: <hello. World. How. Are. you?> but was: <hello. World. How. Are. You?>
	at org.junit.jupiter.api.AssertionUtils.fail(AssertionUtils.java:55)
	at org.junit.jupiter.api.AssertionUtils.failNotEqual(AssertionUtils.java:62)
	at org.junit.jupiter.api.AssertEquals.assertEquals(AssertEquals.java:182)
	at org.junit.jupiter.api.AssertEquals.assertEquals(AssertEquals.java:177)
	at org.junit.jupiter.api.Assertions.assertEquals(Assertions.java:1124)
	at TextNormalizer.ManagerIT.testAfterDotUpperCase(ManagerIT.java:59)

